#!comment: This collection of data is (C) 1996-2022 by Nmap Software LLC.
#!comment: It is distributed under the Nmap Public Source license as
#!comment: provided in the LICENSE file of the source distribution or at
#!comment: https://nmap.org/npsl/.  Note that this license
#!comment: requires you to license your own work under a compatable open source
#!comment: license.  If you wish to embed Nmap technology into proprietary
#!comment: software, we sell alternative licenses at https://nmap.org/oem/.

123456
12345
123456789
password
iloveyou
princess
12345678
1234567
abc123
nicole
fypgroup2
kali
P@ssw0rd